<?xml version="1.0" encoding="UTF-8"?>
<testng-results ignored="0" total="1" passed="1" failed="0" skipped="0">
  <reporter-output>
  </reporter-output>
  <suite started-at="2026-08-15T22:44:13 IST" name="Default suite" finished-at="2026-08-15T22:44:19 IST" duration-ms="5904">
    <groups>
    </groups>
    <test started-at="2026-08-15T22:44:13 IST" name="Default test" finished-at="2026-08-15T22:44:19 IST" duration-ms="5904">
      <class name="tests.LoginTest">
        <test-method is-config="true" signature="SetUP()[pri:0, instance:tests.LoginTest@53fb3dab]" started-at="2026-08-15T22:44:13 IST" name="SetUP" finished-at="2026-08-15T22:44:16 IST" duration-ms="2577" status="PASS">
          <reporter-output>
          </reporter-output>
        </test-method> <!-- SetUP -->
        <test-method signature="login()[pri:0, instance:tests.LoginTest@53fb3dab]" started-at="2026-08-15T22:44:16 IST" name="login" finished-at="2026-08-15T22:44:19 IST" duration-ms="2892" status="PASS">
          <reporter-output>
          </reporter-output>
        </test-method> <!-- login -->
        <test-method is-config="true" signature="TearDown()[pri:0, instance:tests.LoginTest@53fb3dab]" started-at="2026-08-15T22:44:19 IST" name="TearDown" finished-at="2026-08-15T22:44:19 IST" duration-ms="380" status="PASS">
          <reporter-output>
          </reporter-output>
        </test-method> <!-- TearDown -->
      </class> <!-- tests.LoginTest -->
    </test> <!-- Default test -->
  </suite> <!-- Default suite -->
</testng-results>
