<?xml version="1.0" encoding="UTF-8"?>
<testng-results ignored="0" total="1" passed="1" failed="0" skipped="0">
  <reporter-output>
  </reporter-output>
  <suite started-at="2026-08-15T16:05:25 IST" name="Default suite" finished-at="2026-08-15T16:05:38 IST" duration-ms="13276">
    <groups>
    </groups>
    <test started-at="2026-08-15T16:05:25 IST" name="Default test" finished-at="2026-08-15T16:05:38 IST" duration-ms="13276">
      <class name="tests.LoginTest">
        <test-method is-config="true" signature="SetUP()[pri:0, instance:tests.LoginTest@53fb3dab]" started-at="2026-08-15T16:05:25 IST" name="SetUP" finished-at="2026-08-15T16:05:27 IST" duration-ms="2834" status="PASS">
          <reporter-output>
          </reporter-output>
        </test-method> <!-- SetUP -->
        <test-method signature="login()[pri:0, instance:tests.LoginTest@53fb3dab]" started-at="2026-08-15T16:05:27 IST" name="login" finished-at="2026-08-15T16:05:38 IST" duration-ms="10384" status="PASS">
          <reporter-output>
          </reporter-output>
        </test-method> <!-- login -->
        <test-method is-config="true" signature="TearDown()[pri:0, instance:tests.LoginTest@53fb3dab]" started-at="2026-08-15T16:05:38 IST" name="TearDown" finished-at="2026-08-15T16:05:38 IST" duration-ms="1" status="PASS">
          <reporter-output>
          </reporter-output>
        </test-method> <!-- TearDown -->
      </class> <!-- tests.LoginTest -->
    </test> <!-- Default test -->
  </suite> <!-- Default suite -->
</testng-results>
